<?xml version="1.0" encoding="UTF-8"?>
<!-- Generated by org.testng.reporters.JUnitReportReporter -->
<testsuite hostname="Shubham_1996" failures="0" tests="2" name="TestNG.Cross_browser_demo" time="19.702" errors="0" timestamp="2024-04-09T17:12:25 IST" skipped="0">
  <testcase classname="TestNG.Cross_browser_demo" name="f" time="8.984"/>
  <testcase classname="TestNG.Cross_browser_demo" name="f" time="10.718"/>
</testsuite> <!-- TestNG.Cross_browser_demo -->
