<?xml version="1.0" encoding="UTF-8"?>
<!-- Generated by org.testng.reporters.JUnitReportReporter -->
<testsuite hostname="Shubham_1996" failures="0" tests="3" name="TrainingSelenium.TrainingSelenium.TestNGfeatures" time="0.003" errors="0" timestamp="2024-01-01T00:13:07 IST" skipped="0">
  <testcase classname="TrainingSelenium.TrainingSelenium.TestNGfeatures" name="HomepageTest" time="0.001"/>
  <testcase classname="TrainingSelenium.TrainingSelenium.TestNGfeatures" name="loginTest" time="0.001"/>
  <testcase classname="TrainingSelenium.TrainingSelenium.TestNGfeatures" name="SearchpageTest" time="0.001"/>
</testsuite> <!-- TrainingSelenium.TrainingSelenium.TestNGfeatures -->
