<?xml version="1.0" encoding="UTF-8"?>
<!-- Generated by org.testng.reporters.JUnitReportReporter -->
<testsuite hostname="Shubham_1996" failures="0" tests="10" name="TrainingSelenium.TrainingSelenium.invocationcounttest" time="0.017" errors="0" timestamp="2024-01-01T00:13:07 IST" skipped="0">
  <testcase classname="TrainingSelenium.TrainingSelenium.invocationcounttest" name="sum" time="0.001"/>
  <testcase classname="TrainingSelenium.TrainingSelenium.invocationcounttest" name="sum" time="0.002"/>
  <testcase classname="TrainingSelenium.TrainingSelenium.invocationcounttest" name="sum" time="0.001"/>
  <testcase classname="TrainingSelenium.TrainingSelenium.invocationcounttest" name="sum" time="0.002"/>
  <testcase classname="TrainingSelenium.TrainingSelenium.invocationcounttest" name="sum" time="0.001"/>
  <testcase classname="TrainingSelenium.TrainingSelenium.invocationcounttest" name="sum" time="0.001"/>
  <testcase classname="TrainingSelenium.TrainingSelenium.invocationcounttest" name="sum" time="0.006"/>
  <testcase classname="TrainingSelenium.TrainingSelenium.invocationcounttest" name="sum" time="0.001"/>
  <testcase classname="TrainingSelenium.TrainingSelenium.invocationcounttest" name="sum" time="0.001"/>
  <testcase classname="TrainingSelenium.TrainingSelenium.invocationcounttest" name="sum" time="0.001"/>
</testsuite> <!-- TrainingSelenium.TrainingSelenium.invocationcounttest -->
