<?xml version="1.0" encoding="UTF-8"?>
<!-- Generated by org.testng.reporters.JUnitReportReporter -->
<testsuite hostname="Shubham_1996" failures="0" tests="2" name="TrainingSelenium.TrainingSelenium.checkfeature" time="0.011" errors="0" timestamp="2024-01-01T00:16:28 IST" skipped="0">
  <testcase classname="TrainingSelenium.TrainingSelenium.checkfeature" name="HomePageTest" time="0.001"/>
  <testcase classname="TrainingSelenium.TrainingSelenium.checkfeature" name="LoginTest" time="0.010"/>
</testsuite> <!-- TrainingSelenium.TrainingSelenium.checkfeature -->
